  compilation object save succeeded; see E:\DX12Proj\DX12Training\base_ps.cso
  compilation object save succeeded; see E:\DX12Proj\DX12Training\base_vs.cso
  D3DApp.cpp
  D3DInput.cpp
  D3DUtil.cpp
E:\DX12Proj\DX12Training\MiscCommon\D3DUtil.cpp(18,19): warning C4244: '=': conversion from 'UINT64' to 'LONG_PTR', possible loss of data
E:\DX12Proj\DX12Training\MiscCommon\D3DUtil.cpp(19,21): warning C4244: '=': conversion from 'UINT64' to 'LONG_PTR', possible loss of data
  GameTimer.cpp
  GeometryGenerator.cpp
E:\DX12Proj\DX12Training\MiscCommon\GeometryGenerator.h(55,22): warning C4018: '<': signed/unsigned mismatch
  GraphicWindow.cpp
  MathHelper.cpp
  ShapeApp.cpp
E:\DX12Proj\DX12Training\MiscCommon\GeometryGenerator.h(55,22): warning C4018: '<': signed/unsigned mismatch
E:\DX12Proj\DX12Training\ShapeApp\Source\ShapeApp.cpp(70,35): warning C4018: '<': signed/unsigned mismatch
E:\DX12Proj\DX12Training\ShapeApp\Source\ShapeApp.cpp(114,21): warning C4018: '<': signed/unsigned mismatch
E:\DX12Proj\DX12Training\ShapeApp\Source\ShapeApp.cpp(117,21): warning C4018: '<': signed/unsigned mismatch
E:\DX12Proj\DX12Training\ShapeApp\Source\ShapeApp.cpp(250,20): warning C4018: '<': signed/unsigned mismatch
E:\DX12Proj\DX12Training\ShapeApp\Source\ShapeApp.cpp(308,20): warning C4018: '<': signed/unsigned mismatch
  WinMain.cpp
  Generating code
  1217 of 1217 functions (100.0%) were compiled.
    1176 functions were new in current compilation
    0 functions had inline decision re-evaluated but remain unchanged
  Finished generating code
  ShapeApp.vcxproj -> E:\DX12Proj\DX12Training\03-ShapeApp.exe
