  compilation object save succeeded; see E:\DX12Proj\DX12Training\base_ps.cso
  compilation object save succeeded; see E:\DX12Proj\DX12Training\base_vs.cso
  D3DApp.cpp
  D3DInput.cpp
  D3DUtil.cpp
E:\DX12Proj\DX12Training\MiscCommon\D3DUtil.cpp(18,19): warning C4244: '=': conversion from 'UINT64' to 'LONG_PTR', possible loss of data
E:\DX12Proj\DX12Training\MiscCommon\D3DUtil.cpp(19,21): warning C4244: '=': conversion from 'UINT64' to 'LONG_PTR', possible loss of data
  GameTimer.cpp
  GeometryGenerator.cpp
E:\DX12Proj\DX12Training\MiscCommon\GeometryGenerator.h(55,22): warning C4018: '<': signed/unsigned mismatch
  GraphicWindow.cpp
  MathHelper.cpp
  LightApp.cpp
E:\DX12Proj\DX12Training\MiscCommon\GeometryGenerator.h(55,22): warning C4018: '<': signed/unsigned mismatch
E:\DX12Proj\DX12Training\LightApp\Source\LightApp.cpp(81,21): warning C4018: '<': signed/unsigned mismatch
E:\DX12Proj\DX12Training\LightApp\Source\LightApp.cpp(84,21): warning C4018: '<': signed/unsigned mismatch
E:\DX12Proj\DX12Training\LightApp\Source\LightApp.cpp(217,20): warning C4018: '<': signed/unsigned mismatch
E:\DX12Proj\DX12Training\LightApp\Source\LightApp.cpp(275,20): warning C4018: '<': signed/unsigned mismatch
  WinMain.cpp
  Generating code
  1392 of 1392 functions (100.0%) were compiled.
    1349 functions were new in current compilation
    0 functions had inline decision re-evaluated but remain unchanged
  Finished generating code
  LightApp.vcxproj -> E:\DX12Proj\DX12Training\05-LightApp.exe
